# JRE version: OpenJDK Runtime Environment Temurin-17.0.2+8 (17.0.2+8) (build 17.0.2+8)
# Java VM: OpenJDK 64-Bit Server VM Temurin-17.0.2+8 (17.0.2+8, mixed mode, emulated-client, tiered, compressed oops, compressed class ptrs, g1 gc, windows-amd64)
GC Precious Log:
 CPUs: 8 total, 8 available
 Memory: 6020M
 Large Page Support: Disabled
 NUMA Support: Disabled
 Compressed Oops: Enabled (32-bit)
 Heap Region Size: 1M
 Heap Min Capacity: 8M
 Heap Initial Capacity: 96M
 Heap Max Capacity: 1506M
 Pre-touch: Disabled
 Parallel Workers: 8
 Concurrent Workers: 2
 Concurrent Refinement Workers: 8
 Periodic GC: Disabled
Heap:
 garbage-first heap   total 34816K, used 14387K [0x00000000a1e00000, 0x0000000100000000)
  region size 1024K, 5 young (5120K), 0 survivors (0K)
 Metaspace       used 29938K, committed 30336K, reserved 1081344K
  class space    used 4046K, committed 4224K, reserved 1048576K
GC Heap History (20 events):
Event: 27133.852 GC heap before
{Heap before GC invocations=2276 (full 2267):
 garbage-first heap   total 34816K, used 14387K [0x00000000a1e00000, 0x0000000100000000)
  region size 1024K, 5 young (5120K), 0 survivors (0K)
 Metaspace       used 29938K, committed 30336K, reserved 1081344K
  class space    used 4046K, committed 4224K, reserved 1048576K
}
Event: 27133.875 GC heap after
{Heap after GC invocations=2277 (full 2268):
 garbage-first heap   total 34816K, used 10291K [0x00000000a1e00000, 0x0000000100000000)
  region size 1024K, 0 young (0K), 0 survivors (0K)
 Metaspace       used 29938K, committed 30336K, reserved 1081344K
  class space    used 4046K, committed 4224K, reserved 1048576K
}
Event: 27144.137 GC heap before
{Heap before GC invocations=2277 (full 2268):
 garbage-first heap   total 34816K, used 15411K [0x00000000a1e00000, 0x0000000100000000)
  region size 1024K, 7 young (7168K), 0 survivors (0K)
 Metaspace       used 29938K, committed 30336K, reserved 1081344K
  class space    used 4046K, committed 4224K, reserved 1048576K
}
Event: 27144.155 GC heap after
{Heap after GC invocations=2278 (full 2269):
 garbage-first heap   total 34816K, used 10292K [0x00000000a1e00000, 0x0000000100000000)
  region size 1024K, 0 young (0K), 0 survivors (0K)
 Metaspace       used 29938K, committed 30336K, reserved 1081344K
  class space    used 4046K, committed 4224K, reserved 1048576K
}
Event: 27154.414 GC heap before
{Heap before GC invocations=2278 (full 2269):
 garbage-first heap   total 34816K, used 14388K [0x00000000a1e00000, 0x0000000100000000)
  region size 1024K, 5 young (5120K), 0 survivors (0K)
 Metaspace       used 29938K, committed 30336K, reserved 1081344K
  class space    used 4046K, committed 4224K, reserved 1048576K
}
Event: 27154.437 GC heap after
{Heap after GC invocations=2279 (full 2270):
 garbage-first heap   total 34816K, used 10291K [0x00000000a1e00000, 0x0000000100000000)
  region size 1024K, 0 young (0K), 0 survivors (0K)
 Metaspace       used 29938K, committed 30336K, reserved 1081344K
  class space    used 4046K, committed 4224K, reserved 1048576K
}
Event: 27164.709 GC heap before
{Heap before GC invocations=2279 (full 2270):
 garbage-first heap   total 34816K, used 14387K [0x00000000a1e00000, 0x0000000100000000)
  region size 1024K, 5 young (5120K), 0 survivors (0K)
 Metaspace       used 29938K, committed 30336K, reserved 1081344K
  class space    used 4046K, committed 4224K, reserved 1048576K
}
Event: 27164.730 GC heap after
{Heap after GC invocations=2280 (full 2271):
 garbage-first heap   total 34816K, used 10291K [0x00000000a1e00000, 0x0000000100000000)
  region size 1024K, 0 young (0K), 0 survivors (0K)
 Metaspace       used 29938K, committed 30336K, reserved 1081344K
  class space    used 4046K, committed 4224K, reserved 1048576K
}
Event: 27174.992 GC heap before
{Heap before GC invocations=2280 (full 2271):
 garbage-first heap   total 34816K, used 14387K [0x00000000a1e00000, 0x0000000100000000)
  region size 1024K, 5 young (5120K), 0 survivors (0K)
 Metaspace       used 29938K, committed 30336K, reserved 1081344K
  class space    used 4046K, committed 4224K, reserved 1048576K
}
Event: 27175.013 GC heap after
{Heap after GC invocations=2281 (full 2272):
 garbage-first heap   total 34816K, used 10291K [0x00000000a1e00000, 0x0000000100000000)
  region size 1024K, 0 young (0K), 0 survivors (0K)
 Metaspace       used 29938K, committed 30336K, reserved 1081344K
  class space    used 4046K, committed 4224K, reserved 1048576K
}
Event: 27185.275 GC heap before
{Heap before GC invocations=2281 (full 2272):
 garbage-first heap   total 34816K, used 14387K [0x00000000a1e00000, 0x0000000100000000)
  region size 1024K, 5 young (5120K), 0 survivors (0K)
 Metaspace       used 29938K, committed 30336K, reserved 1081344K
  class space    used 4046K, committed 4224K, reserved 1048576K
}
Event: 27185.297 GC heap after
{Heap after GC invocations=2282 (full 2273):
 garbage-first heap   total 34816K, used 10291K [0x00000000a1e00000, 0x0000000100000000)
  region size 1024K, 0 young (0K), 0 survivors (0K)
 Metaspace       used 29938K, committed 30336K, reserved 1081344K
  class space    used 4046K, committed 4224K, reserved 1048576K
}
Event: 27195.557 GC heap before
{Heap before GC invocations=2282 (full 2273):
 garbage-first heap   total 34816K, used 14387K [0x00000000a1e00000, 0x0000000100000000)
  region size 1024K, 5 young (5120K), 0 survivors (0K)
 Metaspace       used 29938K, committed 30336K, reserved 1081344K
  class space    used 4046K, committed 4224K, reserved 1048576K
}
Event: 27195.578 GC heap after
{Heap after GC invocations=2283 (full 2274):
 garbage-first heap   total 34816K, used 10291K [0x00000000a1e00000, 0x0000000100000000)
  region size 1024K, 0 young (0K), 0 survivors (0K)
 Metaspace       used 29938K, committed 30336K, reserved 1081344K
  class space    used 4046K, committed 4224K, reserved 1048576K
}
Event: 27205.814 GC heap before
{Heap before GC invocations=2283 (full 2274):
 garbage-first heap   total 34816K, used 14387K [0x00000000a1e00000, 0x0000000100000000)
  region size 1024K, 5 young (5120K), 0 survivors (0K)
 Metaspace       used 29938K, committed 30336K, reserved 1081344K
  class space    used 4046K, committed 4224K, reserved 1048576K
}
Event: 27205.834 GC heap after
{Heap after GC invocations=2284 (full 2275):
 garbage-first heap   total 34816K, used 10291K [0x00000000a1e00000, 0x0000000100000000)
  region size 1024K, 0 young (0K), 0 survivors (0K)
 Metaspace       used 29938K, committed 30336K, reserved 1081344K
  class space    used 4046K, committed 4224K, reserved 1048576K
}
Event: 27216.071 GC heap before
{Heap before GC invocations=2284 (full 2275):
 garbage-first heap   total 34816K, used 14387K [0x00000000a1e00000, 0x0000000100000000)
  region size 1024K, 5 young (5120K), 0 survivors (0K)
 Metaspace       used 29938K, committed 30336K, reserved 1081344K
  class space    used 4046K, committed 4224K, reserved 1048576K
}
Event: 27216.090 GC heap after
{Heap after GC invocations=2285 (full 2276):
 garbage-first heap   total 34816K, used 10291K [0x00000000a1e00000, 0x0000000100000000)
  region size 1024K, 0 young (0K), 0 survivors (0K)
 Metaspace       used 29938K, committed 30336K, reserved 1081344K
  class space    used 4046K, committed 4224K, reserved 1048576K
}
Event: 27226.332 GC heap before
{Heap before GC invocations=2285 (full 2276):
 garbage-first heap   total 34816K, used 14387K [0x00000000a1e00000, 0x0000000100000000)
  region size 1024K, 5 young (5120K), 0 survivors (0K)
 Metaspace       used 29938K, committed 30336K, reserved 1081344K
  class space    used 4046K, committed 4224K, reserved 1048576K
}
Event: 27226.354 GC heap after
{Heap after GC invocations=2286 (full 2277):
 garbage-first heap   total 34816K, used 10291K [0x00000000a1e00000, 0x0000000100000000)
  region size 1024K, 0 young (0K), 0 survivors (0K)
 Metaspace       used 29938K, committed 30336K, reserved 1081344K
  class space    used 4046K, committed 4224K, reserved 1048576K
}

