# JRE version: OpenJDK Runtime Environment Temurin-17.0.2+8 (17.0.2+8) (build 17.0.2+8)
# Java VM: OpenJDK 64-Bit Server VM Temurin-17.0.2+8 (17.0.2+8, mixed mode, emulated-client, tiered, compressed oops, compressed class ptrs, g1 gc, windows-amd64)
GC Precious Log:
 CPUs: 8 total, 8 available
 Memory: 6020M
 Large Page Support: Disabled
 NUMA Support: Disabled
 Compressed Oops: Enabled (32-bit)
 Heap Region Size: 1M
 Heap Min Capacity: 8M
 Heap Initial Capacity: 96M
 Heap Max Capacity: 1506M
 Pre-touch: Disabled
 Parallel Workers: 8
 Concurrent Workers: 2
 Concurrent Refinement Workers: 8
 Periodic GC: Disabled
Heap:
 garbage-first heap   total 37888K, used 16701K [0x00000000a1e00000, 0x0000000100000000)
  region size 1024K, 7 young (7168K), 0 survivors (0K)
 Metaspace       used 30062K, committed 30528K, reserved 1081344K
  class space    used 4045K, committed 4224K, reserved 1048576K
GC Heap History (20 events):
Event: 11907.979 GC heap before
{Heap before GC invocations=1151 (full 1142):
 garbage-first heap   total 37888K, used 16701K [0x00000000a1e00000, 0x0000000100000000)
  region size 1024K, 7 young (7168K), 0 survivors (0K)
 Metaspace       used 30062K, committed 30528K, reserved 1081344K
  class space    used 4045K, committed 4224K, reserved 1048576K
}
Event: 11907.998 GC heap after
{Heap after GC invocations=1152 (full 1143):
 garbage-first heap   total 37888K, used 10557K [0x00000000a1e00000, 0x0000000100000000)
  region size 1024K, 0 young (0K), 0 survivors (0K)
 Metaspace       used 30062K, committed 30528K, reserved 1081344K
  class space    used 4045K, committed 4224K, reserved 1048576K
}
Event: 11918.237 GC heap before
{Heap before GC invocations=1152 (full 1143):
 garbage-first heap   total 37888K, used 16701K [0x00000000a1e00000, 0x0000000100000000)
  region size 1024K, 7 young (7168K), 0 survivors (0K)
 Metaspace       used 30062K, committed 30528K, reserved 1081344K
  class space    used 4045K, committed 4224K, reserved 1048576K
}
Event: 11918.255 GC heap after
{Heap after GC invocations=1153 (full 1144):
 garbage-first heap   total 37888K, used 10557K [0x00000000a1e00000, 0x0000000100000000)
  region size 1024K, 0 young (0K), 0 survivors (0K)
 Metaspace       used 30062K, committed 30528K, reserved 1081344K
  class space    used 4045K, committed 4224K, reserved 1048576K
}
Event: 11928.481 GC heap before
{Heap before GC invocations=1153 (full 1144):
 garbage-first heap   total 37888K, used 16701K [0x00000000a1e00000, 0x0000000100000000)
  region size 1024K, 7 young (7168K), 0 survivors (0K)
 Metaspace       used 30062K, committed 30528K, reserved 1081344K
  class space    used 4045K, committed 4224K, reserved 1048576K
}
Event: 11928.498 GC heap after
{Heap after GC invocations=1154 (full 1145):
 garbage-first heap   total 37888K, used 10557K [0x00000000a1e00000, 0x0000000100000000)
  region size 1024K, 0 young (0K), 0 survivors (0K)
 Metaspace       used 30062K, committed 30528K, reserved 1081344K
  class space    used 4045K, committed 4224K, reserved 1048576K
}
Event: 11938.756 GC heap before
{Heap before GC invocations=1154 (full 1145):
 garbage-first heap   total 37888K, used 16701K [0x00000000a1e00000, 0x0000000100000000)
  region size 1024K, 7 young (7168K), 0 survivors (0K)
 Metaspace       used 30062K, committed 30528K, reserved 1081344K
  class space    used 4045K, committed 4224K, reserved 1048576K
}
Event: 11938.774 GC heap after
{Heap after GC invocations=1155 (full 1146):
 garbage-first heap   total 37888K, used 10557K [0x00000000a1e00000, 0x0000000100000000)
  region size 1024K, 0 young (0K), 0 survivors (0K)
 Metaspace       used 30062K, committed 30528K, reserved 1081344K
  class space    used 4045K, committed 4224K, reserved 1048576K
}
Event: 11949.006 GC heap before
{Heap before GC invocations=1155 (full 1146):
 garbage-first heap   total 37888K, used 16701K [0x00000000a1e00000, 0x0000000100000000)
  region size 1024K, 7 young (7168K), 0 survivors (0K)
 Metaspace       used 30062K, committed 30528K, reserved 1081344K
  class space    used 4045K, committed 4224K, reserved 1048576K
}
Event: 11949.023 GC heap after
{Heap after GC invocations=1156 (full 1147):
 garbage-first heap   total 37888K, used 10557K [0x00000000a1e00000, 0x0000000100000000)
  region size 1024K, 0 young (0K), 0 survivors (0K)
 Metaspace       used 30062K, committed 30528K, reserved 1081344K
  class space    used 4045K, committed 4224K, reserved 1048576K
}
Event: 11959.328 GC heap before
{Heap before GC invocations=1156 (full 1147):
 garbage-first heap   total 37888K, used 16701K [0x00000000a1e00000, 0x0000000100000000)
  region size 1024K, 7 young (7168K), 0 survivors (0K)
 Metaspace       used 30062K, committed 30528K, reserved 1081344K
  class space    used 4045K, committed 4224K, reserved 1048576K
}
Event: 11959.352 GC heap after
{Heap after GC invocations=1157 (full 1148):
 garbage-first heap   total 37888K, used 10557K [0x00000000a1e00000, 0x0000000100000000)
  region size 1024K, 0 young (0K), 0 survivors (0K)
 Metaspace       used 30062K, committed 30528K, reserved 1081344K
  class space    used 4045K, committed 4224K, reserved 1048576K
}
Event: 11969.607 GC heap before
{Heap before GC invocations=1157 (full 1148):
 garbage-first heap   total 37888K, used 16701K [0x00000000a1e00000, 0x0000000100000000)
  region size 1024K, 7 young (7168K), 0 survivors (0K)
 Metaspace       used 30062K, committed 30528K, reserved 1081344K
  class space    used 4045K, committed 4224K, reserved 1048576K
}
Event: 11969.627 GC heap after
{Heap after GC invocations=1158 (full 1149):
 garbage-first heap   total 37888K, used 10557K [0x00000000a1e00000, 0x0000000100000000)
  region size 1024K, 0 young (0K), 0 survivors (0K)
 Metaspace       used 30062K, committed 30528K, reserved 1081344K
  class space    used 4045K, committed 4224K, reserved 1048576K
}
Event: 11979.931 GC heap before
{Heap before GC invocations=1158 (full 1149):
 garbage-first heap   total 37888K, used 16701K [0x00000000a1e00000, 0x0000000100000000)
  region size 1024K, 7 young (7168K), 0 survivors (0K)
 Metaspace       used 30062K, committed 30528K, reserved 1081344K
  class space    used 4045K, committed 4224K, reserved 1048576K
}
Event: 11979.954 GC heap after
{Heap after GC invocations=1159 (full 1150):
 garbage-first heap   total 37888K, used 10557K [0x00000000a1e00000, 0x0000000100000000)
  region size 1024K, 0 young (0K), 0 survivors (0K)
 Metaspace       used 30062K, committed 30528K, reserved 1081344K
  class space    used 4045K, committed 4224K, reserved 1048576K
}
Event: 11990.232 GC heap before
{Heap before GC invocations=1159 (full 1150):
 garbage-first heap   total 37888K, used 16701K [0x00000000a1e00000, 0x0000000100000000)
  region size 1024K, 7 young (7168K), 0 survivors (0K)
 Metaspace       used 30062K, committed 30528K, reserved 1081344K
  class space    used 4045K, committed 4224K, reserved 1048576K
}
Event: 11990.255 GC heap after
{Heap after GC invocations=1160 (full 1151):
 garbage-first heap   total 37888K, used 10557K [0x00000000a1e00000, 0x0000000100000000)
  region size 1024K, 0 young (0K), 0 survivors (0K)
 Metaspace       used 30062K, committed 30528K, reserved 1081344K
  class space    used 4045K, committed 4224K, reserved 1048576K
}
Event: 12000.552 GC heap before
{Heap before GC invocations=1160 (full 1151):
 garbage-first heap   total 37888K, used 16701K [0x00000000a1e00000, 0x0000000100000000)
  region size 1024K, 7 young (7168K), 0 survivors (0K)
 Metaspace       used 30062K, committed 30528K, reserved 1081344K
  class space    used 4045K, committed 4224K, reserved 1048576K
}
Event: 12000.573 GC heap after
{Heap after GC invocations=1161 (full 1152):
 garbage-first heap   total 37888K, used 10557K [0x00000000a1e00000, 0x0000000100000000)
  region size 1024K, 0 young (0K), 0 survivors (0K)
 Metaspace       used 30062K, committed 30528K, reserved 1081344K
  class space    used 4045K, committed 4224K, reserved 1048576K
}

